<?xml version="1.0" encoding="UTF-8"?>
<testng-results ignored="0" total="6" passed="5" failed="1" skipped="0">
  <reporter-output>
  </reporter-output>
  <suite started-at="2022-05-17T12:10:16 EET" name="Baims" finished-at="2022-05-17T12:15:50 EET" duration-ms="334645">
    <groups>
    </groups>
    <test started-at="2022-05-17T12:10:16 EET" name="Login" finished-at="2022-05-17T12:15:50 EET" duration-ms="334645">
      <class name="baimsLogin.Twitter_Login">
        <test-method is-config="true" signature="Login()[pri:0, instance:baimsLogin.Twitter_Login@10cb050]" started-at="2022-05-17T12:12:55 EET" name="Login" finished-at="2022-05-17T12:13:10 EET" duration-ms="15413" status="PASS">
          <reporter-output>
          </reporter-output>
        </test-method> <!-- Login -->
        <test-method signature="ValidTwitter()[pri:4, instance:baimsLogin.Twitter_Login@10cb050]" started-at="2022-05-17T12:13:10 EET" name="ValidTwitter" finished-at="2022-05-17T12:14:06 EET" duration-ms="55379" status="FAIL">
          <exception class="java.lang.AssertionError">
            <message>
              <![CDATA[expected:<https://auth.baims.com/ar> but was:<https://baims.com/>]]>
            </message>
            <full-stacktrace>
              <![CDATA[java.lang.AssertionError: expected:<https://auth.baims.com/ar> but was:<https://baims.com/>
at org.testng.AssertJUnit.assertEquals(AssertJUnit.java:115)
at org.testng.AssertJUnit.assertEquals(AssertJUnit.java:125)
at baimsLogin.Twitter_Login.ValidTwitter(Twitter_Login.java:33)
at java.base/jdk.internal.reflect.DirectMethodHandleAccessor.invoke(DirectMethodHandleAccessor.java:104)
at java.base/java.lang.reflect.Method.invoke(Method.java:577)
at org.testng.internal.invokers.MethodInvocationHelper.invokeMethod(MethodInvocationHelper.java:135)
at org.testng.internal.invokers.TestInvoker.invokeMethod(TestInvoker.java:673)
at org.testng.internal.invokers.TestInvoker.invokeTestMethod(TestInvoker.java:220)
at org.testng.internal.invokers.MethodRunner.runInSequence(MethodRunner.java:50)
at org.testng.internal.invokers.TestInvoker$MethodInvocationAgent.invoke(TestInvoker.java:945)
at org.testng.internal.invokers.TestInvoker.invokeTestMethods(TestInvoker.java:193)
at org.testng.internal.invokers.TestMethodWorker.invokeTestMethods(TestMethodWorker.java:146)
at org.testng.internal.invokers.TestMethodWorker.run(TestMethodWorker.java:128)
at java.base/java.util.ArrayList.forEach(ArrayList.java:1511)
at org.testng.TestRunner.privateRun(TestRunner.java:808)
at org.testng.TestRunner.run(TestRunner.java:603)
at org.testng.SuiteRunner.runTest(SuiteRunner.java:429)
at org.testng.SuiteRunner.runSequentially(SuiteRunner.java:423)
at org.testng.SuiteRunner.privateRun(SuiteRunner.java:383)
at org.testng.SuiteRunner.run(SuiteRunner.java:326)
at org.testng.SuiteRunnerWorker.runSuite(SuiteRunnerWorker.java:52)
at org.testng.SuiteRunnerWorker.run(SuiteRunnerWorker.java:95)
at org.testng.TestNG.runSuitesSequentially(TestNG.java:1249)
at org.testng.TestNG.runSuitesLocally(TestNG.java:1169)
at org.testng.TestNG.runSuites(TestNG.java:1092)
at org.testng.TestNG.run(TestNG.java:1060)
at org.testng.remote.AbstractRemoteTestNG.run(AbstractRemoteTestNG.java:115)
at org.testng.remote.RemoteTestNG.initAndRun(RemoteTestNG.java:251)
at org.testng.remote.RemoteTestNG.main(RemoteTestNG.java:77)
]]>
            </full-stacktrace>
          </exception> <!-- java.lang.AssertionError -->
          <reporter-output>
          </reporter-output>
        </test-method> <!-- ValidTwitter -->
        <test-method is-config="true" signature="Login()[pri:0, instance:baimsLogin.Twitter_Login@10cb050]" started-at="2022-05-17T12:14:06 EET" name="Login" finished-at="2022-05-17T12:14:27 EET" duration-ms="21148" status="PASS">
          <reporter-output>
          </reporter-output>
        </test-method> <!-- Login -->
        <test-method signature="InvalidTMmail()[pri:5, instance:baimsLogin.Twitter_Login@10cb050]" started-at="2022-05-17T12:14:27 EET" name="InvalidTMmail" finished-at="2022-05-17T12:15:01 EET" duration-ms="33840" status="PASS">
          <reporter-output>
          </reporter-output>
        </test-method> <!-- InvalidTMmail -->
        <test-method is-config="true" signature="Login()[pri:0, instance:baimsLogin.Twitter_Login@10cb050]" started-at="2022-05-17T12:15:01 EET" name="Login" finished-at="2022-05-17T12:15:08 EET" duration-ms="7684" status="PASS">
          <reporter-output>
          </reporter-output>
        </test-method> <!-- Login -->
        <test-method signature="InvalidTPassword()[pri:6, instance:baimsLogin.Twitter_Login@10cb050]" started-at="2022-05-17T12:15:08 EET" name="InvalidTPassword" finished-at="2022-05-17T12:15:50 EET" duration-ms="41988" status="PASS">
          <reporter-output>
          </reporter-output>
        </test-method> <!-- InvalidTPassword -->
      </class> <!-- baimsLogin.Twitter_Login -->
      <class name="baimsLogin.Login">
        <test-method is-config="true" signature="Login()[pri:0, instance:baimsLogin.Login@450f0235]" started-at="2022-05-17T12:10:16 EET" name="Login" finished-at="2022-05-17T12:10:27 EET" duration-ms="11684" status="PASS">
          <reporter-output>
          </reporter-output>
        </test-method> <!-- Login -->
        <test-method signature="ValidGmail()[pri:1, instance:baimsLogin.Login@450f0235]" started-at="2022-05-17T12:10:27 EET" name="ValidGmail" finished-at="2022-05-17T12:11:18 EET" duration-ms="51061" status="PASS">
          <reporter-output>
          </reporter-output>
        </test-method> <!-- ValidGmail -->
        <test-method is-config="true" signature="Login()[pri:0, instance:baimsLogin.Login@450f0235]" started-at="2022-05-17T12:11:18 EET" name="Login" finished-at="2022-05-17T12:11:33 EET" duration-ms="14996" status="PASS">
          <reporter-output>
          </reporter-output>
        </test-method> <!-- Login -->
        <test-method signature="InvalidGmail()[pri:2, instance:baimsLogin.Login@450f0235]" started-at="2022-05-17T12:11:33 EET" name="InvalidGmail" finished-at="2022-05-17T12:12:04 EET" duration-ms="30573" status="PASS">
          <reporter-output>
          </reporter-output>
        </test-method> <!-- InvalidGmail -->
        <test-method is-config="true" signature="Login()[pri:0, instance:baimsLogin.Login@450f0235]" started-at="2022-05-17T12:12:04 EET" name="Login" finished-at="2022-05-17T12:12:14 EET" duration-ms="9926" status="PASS">
          <reporter-output>
          </reporter-output>
        </test-method> <!-- Login -->
        <test-method signature="InvalidGPassword()[pri:3, instance:baimsLogin.Login@450f0235]" started-at="2022-05-17T12:12:14 EET" name="InvalidGPassword" finished-at="2022-05-17T12:12:55 EET" duration-ms="40871" status="PASS">
          <reporter-output>
          </reporter-output>
        </test-method> <!-- InvalidGPassword -->
      </class> <!-- baimsLogin.Login -->
    </test> <!-- Login -->
  </suite> <!-- Baims -->
</testng-results>
